SF:lib/app/main/domain/entities/prediction.dart
DA:14,1
DA:15,3
DA:17,8
DA:27,3
DA:28,3
DA:29,3
DA:31,3
DA:32,3
DA:33,3
DA:34,6
DA:35,6
DA:39,1
DA:40,1
DA:41,1
DA:42,1
DA:43,1
DA:44,1
DA:45,2
DA:46,2
DA:51,1
DA:52,1
DA:53,2
DA:54,2
DA:58,1
DA:63,1
DA:64,1
DA:65,1
DA:66,1
DA:67,1
DA:68,1
DA:69,1
DA:70,2
DA:71,2
DA:75,2
DA:79,2
DA:80,2
DA:81,4
DA:82,2
DA:83,2
DA:84,2
DA:85,2
DA:86,4
DA:90,4
DA:91,2
DA:92,2
DA:93,2
DA:94,2
DA:95,2
DA:96,4
DA:97,2
DA:100,2
DA:101,2
DA:102,2
DA:103,2
DA:104,2
DA:105,2
DA:106,2
DA:107,2
DA:108,2
DA:111,3
DA:116,3
DA:117,1
DA:123,3
DA:124,3
DA:127,3
DA:129,3
DA:131,1
LF:67
LH:67
end_of_record
SF:lib/app/main/external/datasources/prediction_remote_datasource.dart
DA:11,1
DA:16,1
DA:18,1
DA:19,3
DA:20,3
DA:21,3
DA:24,1
DA:26,1
DA:27,2
DA:28,3
DA:29,2
DA:30,1
DA:31,3
DA:33,1
DA:35,2
DA:36,1
DA:42,1
DA:44,1
DA:45,3
DA:46,4
DA:49,1
DA:51,1
DA:52,4
DA:53,5
DA:56,1
DA:58,1
DA:59,3
DA:60,4
LF:28
LH:28
end_of_record
SF:lib/app/main/infra/repositories/predictions_repository.dart
DA:10,1
DA:15,1
DA:19,3
DA:20,1
DA:21,1
DA:22,2
DA:24,2
DA:29,1
DA:31,3
DA:32,1
DA:33,1
DA:34,2
DA:36,2
LF:13
LH:13
end_of_record
SF:lib/app/main/domain/entities/prediction_payload.dart
DA:10,5
DA:14,1
DA:15,2
DA:16,1
DA:17,2
DA:18,1
DA:21,2
DA:22,2
DA:23,2
DA:26,3
DA:27,6
DA:30,1
DA:31,1
DA:32,1
DA:36,1
DA:37,2
LF:16
LH:16
end_of_record
SF:lib/helpers/valid_datestring.dart
DA:1,3
DA:6,3
DA:10,3
LF:3
LH:3
end_of_record
SF:lib/app/main/infra/services/predictions_service.dart
DA:13,1
DA:18,1
DA:22,2
DA:25,1
DA:27,2
DA:31,1
DA:35,3
DA:36,1
DA:37,1
DA:38,2
DA:39,1
DA:40,2
DA:41,1
DA:42,2
LF:14
LH:14
end_of_record
SF:lib/app/main/infra/services/predict_disease_service.dart
DA:10,1
DA:13,1
DA:14,1
DA:15,1
DA:17,1
DA:18,3
DA:19,1
DA:21,2
DA:23,2
DA:24,4
DA:25,2
DA:26,1
LF:12
LH:12
end_of_record
SF:lib/app/main/domain/usecases/display_predictions.usecase.dart
DA:9,1
DA:11,1
DA:13,3
DA:14,1
DA:15,2
DA:16,2
DA:18,1
DA:19,2
DA:21,2
LF:9
LH:9
end_of_record
SF:lib/app/main/domain/usecases/predict_disease.usecase.dart
DA:10,1
DA:12,1
DA:15,1
DA:16,2
DA:20,3
DA:21,1
DA:22,2
DA:23,2
DA:25,1
DA:26,2
DA:27,1
DA:28,2
DA:30,2
LF:13
LH:13
end_of_record
SF:lib/app/main/domain/usecases/list_predictions.usecase.dart
DA:9,1
DA:11,1
DA:13,3
DA:14,1
DA:15,2
DA:16,2
DA:18,1
DA:19,2
DA:21,2
LF:9
LH:9
end_of_record
SF:lib/helpers/is_base64.dart
DA:1,1
DA:3,1
DA:4,1
LF:3
LH:3
end_of_record
