SF:lib/app/main/domain/entities/prediction.dart
DA:17,1
DA:18,3
DA:20,8
DA:31,3
DA:32,3
DA:33,3
DA:35,3
DA:36,3
DA:37,3
DA:38,6
DA:39,6
DA:40,6
DA:44,1
DA:45,1
DA:46,1
DA:47,1
DA:48,1
DA:49,1
DA:50,2
DA:51,2
DA:52,2
DA:57,1
DA:58,1
DA:59,1
DA:60,2
DA:64,1
DA:70,1
DA:71,1
DA:72,1
DA:73,1
DA:74,1
DA:75,1
DA:76,1
DA:77,2
DA:78,2
DA:79,2
DA:83,2
DA:87,2
DA:88,2
DA:89,4
DA:90,2
DA:91,2
DA:92,2
DA:93,4
DA:94,4
DA:95,4
DA:99,4
DA:100,2
DA:101,2
DA:102,2
DA:103,2
DA:104,2
DA:105,4
DA:106,2
DA:109,2
DA:110,2
DA:111,2
DA:112,2
DA:113,2
DA:114,2
DA:115,2
DA:116,2
DA:117,2
LF:63
LH:63
end_of_record
SF:lib/app/main/external/datasources/prediction_remote_datasource.dart
DA:11,1
DA:16,1
DA:18,1
DA:19,3
DA:20,3
DA:21,3
DA:24,1
DA:26,1
DA:27,2
DA:28,3
DA:29,2
DA:30,1
DA:31,3
DA:33,1
DA:35,2
DA:36,1
DA:42,1
DA:44,1
DA:45,3
DA:46,4
DA:49,1
DA:51,1
DA:52,4
DA:53,5
DA:56,1
DA:58,1
DA:59,3
DA:60,4
LF:28
LH:28
end_of_record
SF:lib/app/main/infra/repositories/predictions_repository.dart
DA:10,1
DA:15,1
DA:19,3
DA:20,1
DA:21,1
DA:22,2
DA:24,2
DA:29,1
DA:31,3
DA:32,1
DA:33,1
DA:34,2
DA:36,2
LF:13
LH:13
end_of_record
SF:lib/app/main/domain/entities/prediction_payload.dart
DA:10,5
DA:14,1
DA:15,2
DA:16,1
DA:17,2
DA:18,1
DA:21,2
DA:22,2
DA:23,2
DA:26,3
DA:27,6
DA:30,1
DA:31,1
DA:32,1
DA:36,1
DA:37,2
LF:16
LH:16
end_of_record
SF:lib/helpers/format_bool.dart
DA:1,4
DA:8,4
DA:9,2
LF:3
LH:3
end_of_record
SF:lib/helpers/format_date.dart
DA:3,4
DA:4,4
DA:7,4
DA:9,4
DA:11,1
LF:5
LH:5
end_of_record
SF:lib/helpers/random_string_id.dart
DA:3,2
DA:4,2
DA:5,2
DA:6,8
LF:4
LH:4
end_of_record
SF:lib/helpers/valid_datestring.dart
DA:1,4
DA:6,4
DA:10,4
LF:3
LH:3
end_of_record
SF:lib/app/main/infra/services/predictions_service.dart
DA:15,1
DA:20,1
DA:24,2
DA:27,1
DA:29,2
DA:33,1
DA:37,3
DA:38,1
DA:39,1
DA:40,2
DA:41,1
DA:42,0
DA:46,0
DA:47,0
DA:49,0
DA:51,1
DA:52,2
DA:53,1
DA:54,2
DA:59,0
DA:63,0
DA:64,0
DA:65,0
DA:66,0
DA:67,0
DA:68,0
DA:72,0
DA:73,0
DA:75,0
DA:77,0
DA:78,0
DA:79,0
DA:80,0
LF:33
LH:15
end_of_record
SF:lib/app/main/domain/entities/retry_prediction_payload.dart
DA:12,0
DA:17,0
DA:18,0
DA:19,0
DA:20,0
DA:21,0
DA:25,0
DA:26,0
DA:29,0
DA:30,0
DA:32,0
DA:33,0
LF:12
LH:0
end_of_record
SF:lib/app/main/infra/services/predict_disease_service.dart
DA:11,1
DA:14,1
DA:17,1
DA:18,1
DA:20,1
DA:21,3
DA:22,1
DA:24,2
DA:26,2
DA:27,4
DA:28,2
DA:29,1
DA:33,0
DA:36,0
DA:37,0
DA:40,0
DA:41,0
DA:42,0
DA:44,0
DA:46,0
DA:47,0
DA:48,0
DA:49,0
DA:52,0
DA:53,0
DA:56,0
DA:58,0
DA:59,0
DA:60,0
LF:29
LH:12
end_of_record
SF:lib/app/main/domain/usecases/display_predictions.usecase.dart
DA:9,1
DA:11,1
DA:13,3
DA:14,1
DA:15,2
DA:16,2
DA:18,1
DA:19,2
DA:21,2
LF:9
LH:9
end_of_record
SF:lib/app/main/domain/usecases/predict_disease.usecase.dart
DA:10,1
DA:12,1
DA:15,1
DA:16,2
DA:20,3
DA:21,1
DA:22,2
DA:23,2
DA:25,1
DA:26,2
DA:27,1
DA:28,2
DA:30,2
LF:13
LH:13
end_of_record
SF:lib/app/main/domain/usecases/list_predictions.usecase.dart
DA:9,1
DA:11,1
DA:13,3
DA:14,1
DA:15,2
DA:16,2
DA:18,1
DA:19,2
DA:21,2
LF:9
LH:9
end_of_record
SF:lib/helpers/is_base64.dart
DA:1,1
DA:3,1
DA:4,1
LF:3
LH:3
end_of_record
